<?xml version="1.0" encoding="UTF-8"?>
<testsuite name="restful_booker.auth.CreateTokenTest" tests="2" skipped="0" failures="0" errors="0" timestamp="2024-04-24T11:07:16" hostname="DESKTOP-DU8LA8E" time="3.51">
  <properties/>
  <testcase name="РџРѕР»СѓС‡РµРЅРёРµ С‚РѕРєРµРЅР° - РїРѕР·РёС‚РёРІРЅС‹Р№ РєРµР№СЃ" classname="restful_booker.auth.CreateTokenTest" time="2.508"/>
  <testcase name="РџРѕР»СѓС‡РµРЅРёРµ С‚РѕРєРµРЅР° - РЅРµРІР°Р»РёРґРЅС‹Рµ РґР°РЅРЅС‹Рµ" classname="restful_booker.auth.CreateTokenTest" time="1.001"/>
  <system-out><![CDATA[RESPONSE TOKEN 5e2286b1524c805
]]></system-out>
  <system-err><![CDATA[]]></system-err>
</testsuite>
